driver launched successfuly
got video list
checking video G7zlzpU3Exk
checking video 4BhMMWZkLOM
checking video 2Z43pzBTIaY
checking video -TOWhtzMNtk
checking video 38HFOF3l8q8
checking video CxbEFUoDsxU
checking video 9ReCD2Y3okk
checking video _UpbK4A4Ht0
checking video 4FH282ZiOGE
checking video atqn65TwPOg
checking video 3imLwC-9kEA
checking video 0rpe99rYuDs
checking video FA2c_-Us9pw
checking video 778j4_lUhbk
checking video 0pAxtI7LfGU
checking video 9alZRv31sFw
checking video 9e5BsWzpK4M
checking video 5QMGs6nkNTg
checking video 0nzcBjzIjvs
checking video JXMTyV49awQ
checking video 8kbv-M3Q8rE
checking video wotTSRBQLq0
checking video -0Y1eJt_ack
checking video MjQ52AfLwmk
checking video IH23b7ub12E
checking video And_uc0KKXc
checking video 83k4dkRfE8w
checking video 8gzxO84rc_s
checking video dEiffRmTkzc
checking video 2IcQZOh_2jE
Traceback (most recent call last):
  File "adstest.py", line 199, in <module>
    
  File "adstest.py", line 130, in main
    # Check if video is live, changes some DOM elements
  File "/home/clb478/YoutubeAds/utils/videoinfo.py", line 25, in check_live
    container = driver.find_element_by_xpath('//span[@class="view-count style-scope ytd-video-view-count-renderer"]')
  File "/home/clb478/.local/lib/python3.7/site-packages/selenium/webdriver/remote/webdriver.py", line 394, in find_element_by_xpath
    return self.find_element(by=By.XPATH, value=xpath)
  File "/home/clb478/.local/lib/python3.7/site-packages/selenium/webdriver/remote/webdriver.py", line 978, in find_element
    'value': value})['value']
  File "/home/clb478/.local/lib/python3.7/site-packages/selenium/webdriver/remote/webdriver.py", line 321, in execute
    self.error_handler.check_response(response)
  File "/home/clb478/.local/lib/python3.7/site-packages/selenium/webdriver/remote/errorhandler.py", line 242, in check_response
    raise exception_class(message, screen, stacktrace)
selenium.common.exceptions.NoSuchElementException: Message: no such element: Unable to locate element: {"method":"xpath","selector":"//span[@class="view-count style-scope ytd-video-view-count-renderer"]"}
  (Session info: headless chrome=89.0.4389.114)

driver launched successfuly
got video list
checking video gB3zY6HZMF0
checking video Rahzb_MlcD4
checking video nn_eWU3gDUY
checking video 5xcP4Qcg20s
checking video 7ehN4Ql5nHE
checking video 8MFgnQronWg
checking video b9tQqIofd8E
checking video AqGPrHvYBu0
checking video qvo5FSQI1Rk
checking video 1b-2yHTepCI
checking video 7iearM3v8xY
checking video 7YKaEh48xPs
checking video 8r4tQGVZYig
checking video 68dO5Ai4nFI
checking video C-lVU5nA_IU
checking video Cd05nc6zj6E
checking video 5HiKymDi1is
checking video 5M1KD7Dnq4s
checking video ov0QRLQvYZs
checking video -UIBAwc9Sz8
checking video 36IzAR8L8Zw
checking video hDkQq1mv520
checking video c1GRrmDjh8w
checking video CEDVcFBxN4E
checking video 1unDZodqO-0
checking video 5aMDsNy29Bo
checking video eDO8xCcKO0s
checking video 14qD6JlnPeg
checking video 4FRz4vyOyBc
checking video x0wsU1hSqAA
checking video KDWUzJMca-c
checking video rYZFPG1uGC0
checking video Bm90srTT92s
checking video 29u28Ef5QQY
checking video 1F1ec4kNGAw
checking video UcjizlmcExo
checking video wqFzhOow1kc
checking video hf0hpuZN_D0
checking video dDVLEcK5L8M
checking video 0laI5Lq5ngk
checking video L5GAICqnvCE
checking video F-hRGDNfhvI
checking video rJ4x0nud0Lc
checking video 9AppBiNEqkg
checking video GnbPHFVw6Vs
checking video 2tigWirsDz4
checking video WQwpo4sZeNI
checking video 0k_UkzjhGrY
checking video 0hoeRZ3Vpbc
